    ======  ======
    Time:4/17/2022 12:03:43 AM
    Title: Initiate log
    Message: 
    Time:4/17/2022 12:03:43 AM
    Title: Initiate InternalManager
    Message: Trying to Validate License
    Time:4/17/2022 12:03:43 AM
    Title: Requesting EVT
    Message: EVTP
    Time:4/17/2022 12:03:43 AM
    Title: Requesting Validation
    Message: ILMValidate
    Time:4/17/2022 12:03:43 AM
    Title: LICENSER
    Message: TRL MODE
    Time:4/17/2022 12:03:43 AM
    Title: LICENSER
    Message: DS LEFT-3
    Time:4/17/2022 12:03:43 AM
    Title: LICENSER
    Message: DT MARK PASSED-3.00:00:00
    Time:4/17/2022 12:03:43 AM
    Title: ILMValidate action
    Message: LIC
    Time:4/17/2022 12:03:44 AM
    Title: Access to the path 'C:\ProgramData\Telerik\Hash.lic' is denied.
    Message:    at System.IO.__Error.WinIOError(Int32 errorCode, String maybeFullPath)
   at System.IO.FileStream.Init(String path, FileMode mode, FileAccess access, Int32 rights, Boolean useRights, FileShare share, Int32 bufferSize, FileOptions options, SECURITY_ATTRIBUTES secAttrs, String msgPath, Boolean bFromProxy, Boolean useLongPath, Boolean checkHost)
   at System.IO.FileStream..ctor(String path, FileMode mode, FileAccess access, FileShare share)
   at Telerik.Licensing.Licenser.ReadHashPass()
    Time:4/17/2022 12:03:44 AM
    Title: LICENSER - TGO
    Message: Start
    Time:4/17/2022 12:03:46 AM
    Title: LICENSER - TGO
    Message: Object reference not set to an instance of an object.
    Entering constructor for: Telerik.CommonPackage.VSPackage
    Entering Initialize() of: Telerik.CommonPackage.VSPackage
    Entering constructor for: Telerik.VSX.UserSettingsPackage.UserSettingsPackage
    Entering Initialize() of: Telerik.VSX.UserSettingsPackage.UserSettingsPackage
    Entering constructor for: Telerik.WinControls.Converter.VSPackage.VSPackage
    Entering Initialize() for: Telerik.WinControls.Converter.VSPackage.VSPackage
    ResolveFWLinkAccountManager statusCode is redirect: 'True'
    ResolveFWLinkAccountManager resovled fwlink from 'https://go.microsoft.com/fwlink/?LinkID=415837' to 'https://app.vssps.visualstudio.com/'
    Product creation from registry failed for:HKEY_LOCAL_MACHINE\Software\Telerik\Reporting\Net4.0
    Install dir: 
    Version: 
    Product creation from registry failed for:HKEY_LOCAL_MACHINE\Software\Telerik\Reporting\R1 2022
    Install dir: 
    Version: 
    No Telerik Reporting products found in registry
    Entering constructor for: Telerik.KendoUI.ASP.NET.Core.VSPackage.VsPackage
    Entering constructor for: Telerik.KendoUI.ASP.NET.Core.VSPackage.VsPackage
    Entering Initialize() for: Telerik.KendoUI.ASP.NET.Core.VSPackage.VsPackage
    TR: Assembly resolution failed: Telerik.VSX.Notifications.1.2.0.0.XmlSerializers, Version=1.2.0.0, Culture=neutral, PublicKeyToken=0dfdc51bd06071b4
    TR: Assembly resolution failed: Telerik.VSX.Notifications.1.2.0.0.XmlSerializers, Version=1.2.0.0, Culture=neutral, PublicKeyToken=0dfdc51bd06071b4
    Entering constructor for: Telerik.Windows.WPF.VSPackage.VSPackage
    Entering Initialize() for: Telerik.Windows.WPF.VSPackage.VSPackage
    TR: Assembly resolution failed: Telerik.VSX.Tracking.XmlSerializers, Version=2.1.22.211, Culture=neutral, PublicKeyToken=dac83c33184dc9bb
    Entering constructor for: Telerik.Web.UI.VSPackage.VSPackage
    Entering Initialize() for: Telerik.Web.UI.VSPackage.VSPackage
    Entering constructor for: Telerik.KendoUI.Mvc.VSPackage.VsPackage
    Entering constructor for: Telerik.KendoUI.Mvc.VSPackage.VsPackage
    Entering Initialize() for: Telerik.KendoUI.Mvc.VSPackage.VsPackage
    Entering constructor for: Telerik.Blazor.VSPackage.VsPackage
    Entering constructor for: Telerik.Blazor.VSPackage.VsPackage
    Entering Initialize() for: Telerik.Blazor.VSPackage.VsPackage
    TR: Assembly resolution failed: Telerik.JustMock.AddIn.XmlSerializers, Version=2022.1.223.1, Culture=neutral, PublicKeyToken=602a9bfd8c8c4ad7
ange is not current
    given range is not current
    given range is not current
    given range is not current
    given range is not current
    given range is not current
    given range is not current
    given range is not current
    given range is not current
    given range is not current
    given range is not current
    given range is not current
    given range is not current
    given range is not current
    given range is not current
    given range is not current
    given range is not current
    given range is not current
    given range is not current
    given range is not current
    given range is not current
    given range is not current
    given range is not current
    given range is not current
    given range is not current
    given range is not current
    given range is not current
